[20:52:06][INFO ](FrameworkServlet.java:485) - FrameworkServlet 'appServlet': initialization started
[20:52:06][INFO ](AbstractApplicationContext.java:510) - Refreshing WebApplicationContext for namespace 'appServlet-servlet': startup date [Mon Oct 03 20:52:06 KST 2016]; parent: Root WebApplicationContext
[20:52:06][INFO ](XmlBeanDefinitionReader.java:317) - Loading XML bean definitions from ServletContext resource [/WEB-INF/spring/appServlet/servlet-context.xml]
[20:52:07][INFO ](AutowiredAnnotationBeanPostProcessor.java:153) - JSR-330 'javax.inject.Inject' annotation found and supported for autowiring
[20:52:07][INFO ](AbstractHandlerMethodMapping.java:217) - Mapped "{[/formActionBody]}" onto public void com.javateam.sampleprj01.FormActionController.formActionBody(java.lang.String)
[20:52:07][INFO ](AbstractHandlerMethodMapping.java:217) - Mapped "{[/formActionHeader]}" onto public void com.javateam.sampleprj01.FormActionController.formActionHeader(java.lang.String)
[20:52:07][INFO ](AbstractHandlerMethodMapping.java:217) - Mapped "{[/fromSample1]}" onto public void com.javateam.sampleprj01.FormActionController.formSample()
[20:52:07][INFO ](AbstractHandlerMethodMapping.java:217) - Mapped "{[/formAction2]}" onto public java.lang.String com.javateam.sampleprj01.FormActionController.formAction(javax.servlet.http.HttpServletRequest,javax.servlet.http.HttpServletResponse) throws java.io.IOException
[20:52:07][INFO ](AbstractHandlerMethodMapping.java:217) - Mapped "{[/formActionAnn02]}" onto public java.lang.String com.javateam.sampleprj01.FormActionController.formAction(java.util.Map<java.lang.String, java.lang.String>)
[20:52:07][INFO ](AbstractHandlerMethodMapping.java:217) - Mapped "{[/formActionAnn01]}" onto public java.lang.String com.javateam.sampleprj01.FormActionController.formAction(java.lang.String,java.lang.String,java.lang.String)
[20:52:07][INFO ](AbstractHandlerMethodMapping.java:217) - Mapped "{[/formActionModel01]}" onto public java.lang.String com.javateam.sampleprj01.FormActionController.formActionModel01(com.javateam.model.Member)
[20:52:07][INFO ](AbstractHandlerMethodMapping.java:217) - Mapped "{[/formActionModel02]}" onto public java.lang.String com.javateam.sampleprj01.FormActionController.formActionModel02(com.javateam.model.Member,org.springframework.validation.BindingResult)
[20:52:07][INFO ](AbstractHandlerMethodMapping.java:217) - Mapped "{[/formActionModel03]}" onto public java.lang.String com.javateam.sampleprj01.FormActionController.formActionModel03(java.lang.String,org.springframework.ui.Model,javax.servlet.http.HttpServletRequest)
[20:52:07][INFO ](AbstractHandlerMethodMapping.java:217) - Mapped "{[/formActionModelAndView]}" onto public org.springframework.web.servlet.ModelAndView com.javateam.sampleprj01.FormActionController.formActionModelAndView(java.lang.String)
[20:52:07][INFO ](AbstractHandlerMethodMapping.java:217) - Mapped "{[/],methods=[GET]}" onto public java.lang.String com.javateam.sampleprj01.HomeController.home(java.util.Locale,org.springframework.ui.Model)
[20:52:07][INFO ](AbstractHandlerMethodMapping.java:217) - Mapped "{[/member/join]}" onto public java.lang.String com.javateam.sampleprj01.MemberController.join(com.javateam.model.Member,org.springframework.validation.BindingResult)
[20:52:07][INFO ](AbstractHandlerMethodMapping.java:217) - Mapped "{[/member/joinMember]}" onto public void com.javateam.sampleprj01.MemberController.joinMember(com.javateam.model.Member)
[20:52:07][INFO ](AbstractHandlerMethodMapping.java:217) - Mapped "{[/member/viewMember]}" onto public void com.javateam.sampleprj01.MemberController.viewMember()
[20:52:07][INFO ](AbstractHandlerMethodMapping.java:217) - Mapped "{[/member/updateMember]}" onto public void com.javateam.sampleprj01.MemberController.updateMember()
[20:52:07][INFO ](AbstractHandlerMethodMapping.java:217) - Mapped "{[/doA]}" onto public void org.zerock.web.SampleController.doA()
[20:52:07][INFO ](AbstractHandlerMethodMapping.java:217) - Mapped "{[/doC]}" onto public java.lang.String org.zerock.web.SampleController.doC(java.lang.String)
[20:52:07][INFO ](AbstractHandlerMethodMapping.java:217) - Mapped "{[/doB]}" onto public void org.zerock.web.SampleController.doB()
[20:52:07][INFO ](AbstractHandlerMethodMapping.java:217) - Mapped "{[/doD]}" onto public java.lang.String org.zerock.web.SampleController.doD(org.springframework.ui.Model)
[20:52:07][INFO ](AbstractHandlerMethodMapping.java:217) - Mapped "{[/doE]}" onto public java.lang.String org.zerock.web.SampleController.doE(org.springframework.web.servlet.mvc.support.RedirectAttributes)
[20:52:07][INFO ](AbstractHandlerMethodMapping.java:217) - Mapped "{[/doF]}" onto public void org.zerock.web.SampleController.doF(java.lang.String)
[20:52:07][INFO ](AbstractHandlerMethodMapping.java:217) - Mapped "{[/doJSON]}" onto public org.zerock.domain.ProductVo org.zerock.web.SampleController.doJSON()
[20:52:07][INFO ](Version.java:56) - Hibernate Validator 4.0.0.GA
[20:52:07][INFO ](DefaultTraversableResolver.java:89) - Instantiated an instance of org.hibernate.validator.engine.resolver.JPATraversableResolver.
[20:52:08][INFO ](RequestMappingHandlerAdapter.java:517) - Looking for @ControllerAdvice: WebApplicationContext for namespace 'appServlet-servlet': startup date [Mon Oct 03 20:52:06 KST 2016]; parent: Root WebApplicationContext
[20:52:08][INFO ](RequestMappingHandlerAdapter.java:517) - Looking for @ControllerAdvice: WebApplicationContext for namespace 'appServlet-servlet': startup date [Mon Oct 03 20:52:06 KST 2016]; parent: Root WebApplicationContext
[20:52:08][INFO ](AbstractUrlHandlerMapping.java:314) - Mapped URL path [/resources/**] onto handler 'org.springframework.web.servlet.resource.ResourceHttpRequestHandler#0'
[20:52:08][INFO ](FrameworkServlet.java:504) - FrameworkServlet 'appServlet': initialization completed in 1300 ms
[20:53:18][INFO ](FrameworkServlet.java:485) - FrameworkServlet 'appServlet': initialization started
[20:53:18][INFO ](AbstractApplicationContext.java:510) - Refreshing WebApplicationContext for namespace 'appServlet-servlet': startup date [Mon Oct 03 20:53:18 KST 2016]; parent: Root WebApplicationContext
[20:53:18][INFO ](XmlBeanDefinitionReader.java:317) - Loading XML bean definitions from ServletContext resource [/WEB-INF/spring/appServlet/servlet-context.xml]
[20:53:19][INFO ](AutowiredAnnotationBeanPostProcessor.java:153) - JSR-330 'javax.inject.Inject' annotation found and supported for autowiring
[20:53:19][INFO ](AbstractHandlerMethodMapping.java:217) - Mapped "{[/fromSample1]}" onto public void com.javateam.sampleprj01.FormActionController.formSample()
[20:53:19][INFO ](AbstractHandlerMethodMapping.java:217) - Mapped "{[/formActionAnn01]}" onto public java.lang.String com.javateam.sampleprj01.FormActionController.formAction(java.lang.String,java.lang.String,java.lang.String)
[20:53:19][INFO ](AbstractHandlerMethodMapping.java:217) - Mapped "{[/formActionAnn02]}" onto public java.lang.String com.javateam.sampleprj01.FormActionController.formAction(java.util.Map<java.lang.String, java.lang.String>)
[20:53:19][INFO ](AbstractHandlerMethodMapping.java:217) - Mapped "{[/formAction2]}" onto public java.lang.String com.javateam.sampleprj01.FormActionController.formAction(javax.servlet.http.HttpServletRequest,javax.servlet.http.HttpServletResponse) throws java.io.IOException
[20:53:19][INFO ](AbstractHandlerMethodMapping.java:217) - Mapped "{[/formActionBody]}" onto public void com.javateam.sampleprj01.FormActionController.formActionBody(java.lang.String)
[20:53:19][INFO ](AbstractHandlerMethodMapping.java:217) - Mapped "{[/formActionHeader]}" onto public void com.javateam.sampleprj01.FormActionController.formActionHeader(java.lang.String)
[20:53:19][INFO ](AbstractHandlerMethodMapping.java:217) - Mapped "{[/formActionModel01]}" onto public java.lang.String com.javateam.sampleprj01.FormActionController.formActionModel01(com.javateam.model.Member)
[20:53:19][INFO ](AbstractHandlerMethodMapping.java:217) - Mapped "{[/formActionModel02]}" onto public java.lang.String com.javateam.sampleprj01.FormActionController.formActionModel02(com.javateam.model.Member,org.springframework.validation.BindingResult)
[20:53:19][INFO ](AbstractHandlerMethodMapping.java:217) - Mapped "{[/formActionModel03]}" onto public java.lang.String com.javateam.sampleprj01.FormActionController.formActionModel03(java.lang.String,org.springframework.ui.Model,javax.servlet.http.HttpServletRequest)
[20:53:19][INFO ](AbstractHandlerMethodMapping.java:217) - Mapped "{[/formActionModelAndView]}" onto public org.springframework.web.servlet.ModelAndView com.javateam.sampleprj01.FormActionController.formActionModelAndView(java.lang.String)
[20:53:19][INFO ](AbstractHandlerMethodMapping.java:217) - Mapped "{[/],methods=[GET]}" onto public java.lang.String com.javateam.sampleprj01.HomeController.home(java.util.Locale,org.springframework.ui.Model)
[20:53:19][INFO ](AbstractHandlerMethodMapping.java:217) - Mapped "{[/member/join]}" onto public java.lang.String com.javateam.sampleprj01.MemberController.join(com.javateam.model.Member,org.springframework.validation.BindingResult)
[20:53:19][INFO ](AbstractHandlerMethodMapping.java:217) - Mapped "{[/member/joinMember]}" onto public void com.javateam.sampleprj01.MemberController.joinMember(com.javateam.model.Member)
[20:53:19][INFO ](AbstractHandlerMethodMapping.java:217) - Mapped "{[/member/viewMember]}" onto public void com.javateam.sampleprj01.MemberController.viewMember()
[20:53:19][INFO ](AbstractHandlerMethodMapping.java:217) - Mapped "{[/member/updateMember]}" onto public void com.javateam.sampleprj01.MemberController.updateMember()
[20:53:19][INFO ](AbstractHandlerMethodMapping.java:217) - Mapped "{[/doA]}" onto public void org.zerock.web.SampleController.doA()
[20:53:19][INFO ](AbstractHandlerMethodMapping.java:217) - Mapped "{[/doC]}" onto public java.lang.String org.zerock.web.SampleController.doC(java.lang.String)
[20:53:19][INFO ](AbstractHandlerMethodMapping.java:217) - Mapped "{[/doB]}" onto public void org.zerock.web.SampleController.doB()
[20:53:19][INFO ](AbstractHandlerMethodMapping.java:217) - Mapped "{[/doD]}" onto public java.lang.String org.zerock.web.SampleController.doD(org.springframework.ui.Model)
[20:53:19][INFO ](AbstractHandlerMethodMapping.java:217) - Mapped "{[/doE]}" onto public java.lang.String org.zerock.web.SampleController.doE(org.springframework.web.servlet.mvc.support.RedirectAttributes)
[20:53:19][INFO ](AbstractHandlerMethodMapping.java:217) - Mapped "{[/doF]}" onto public void org.zerock.web.SampleController.doF(java.lang.String)
[20:53:19][INFO ](AbstractHandlerMethodMapping.java:217) - Mapped "{[/doJSON]}" onto public org.zerock.domain.ProductVo org.zerock.web.SampleController.doJSON()
[20:53:19][INFO ](Version.java:56) - Hibernate Validator 4.0.0.GA
[20:53:19][INFO ](DefaultTraversableResolver.java:89) - Instantiated an instance of org.hibernate.validator.engine.resolver.JPATraversableResolver.
[20:53:20][INFO ](RequestMappingHandlerAdapter.java:517) - Looking for @ControllerAdvice: WebApplicationContext for namespace 'appServlet-servlet': startup date [Mon Oct 03 20:53:18 KST 2016]; parent: Root WebApplicationContext
[20:53:20][INFO ](RequestMappingHandlerAdapter.java:517) - Looking for @ControllerAdvice: WebApplicationContext for namespace 'appServlet-servlet': startup date [Mon Oct 03 20:53:18 KST 2016]; parent: Root WebApplicationContext
[20:53:20][INFO ](AbstractUrlHandlerMapping.java:314) - Mapped URL path [/resources/**] onto handler 'org.springframework.web.servlet.resource.ResourceHttpRequestHandler#0'
[20:53:20][INFO ](FrameworkServlet.java:504) - FrameworkServlet 'appServlet': initialization completed in 1531 ms
[20:53:42][INFO ](HomeController.java:27) - Welcome home! The client locale is ko_KR.
[20:53:43][INFO ](HomeController.java:27) - Welcome home! The client locale is ko_KR.
[20:53:45][INFO ](HomeController.java:27) - Welcome home! The client locale is ko_KR.
[20:56:02][INFO ](AbstractApplicationContext.java:862) - Closing WebApplicationContext for namespace 'appServlet-servlet': startup date [Mon Oct 03 20:53:18 KST 2016]; parent: Root WebApplicationContext
[20:56:14][INFO ](FrameworkServlet.java:485) - FrameworkServlet 'appServlet': initialization started
[20:56:14][INFO ](AbstractApplicationContext.java:510) - Refreshing WebApplicationContext for namespace 'appServlet-servlet': startup date [Mon Oct 03 20:56:14 KST 2016]; parent: Root WebApplicationContext
[20:56:14][INFO ](XmlBeanDefinitionReader.java:317) - Loading XML bean definitions from ServletContext resource [/WEB-INF/spring/appServlet/servlet-context.xml]
[20:56:14][INFO ](AutowiredAnnotationBeanPostProcessor.java:153) - JSR-330 'javax.inject.Inject' annotation found and supported for autowiring
[20:56:14][INFO ](AbstractHandlerMethodMapping.java:217) - Mapped "{[/formActionModel01]}" onto public java.lang.String com.javateam.sampleprj01.FormActionController.formActionModel01(com.javateam.model.Member)
[20:56:14][INFO ](AbstractHandlerMethodMapping.java:217) - Mapped "{[/formActionModel02]}" onto public java.lang.String com.javateam.sampleprj01.FormActionController.formActionModel02(com.javateam.model.Member,org.springframework.validation.BindingResult)
[20:56:14][INFO ](AbstractHandlerMethodMapping.java:217) - Mapped "{[/formActionModel03]}" onto public java.lang.String com.javateam.sampleprj01.FormActionController.formActionModel03(java.lang.String,org.springframework.ui.Model,javax.servlet.http.HttpServletRequest)
[20:56:14][INFO ](AbstractHandlerMethodMapping.java:217) - Mapped "{[/formActionModelAndView]}" onto public org.springframework.web.servlet.ModelAndView com.javateam.sampleprj01.FormActionController.formActionModelAndView(java.lang.String)
[20:56:14][INFO ](AbstractHandlerMethodMapping.java:217) - Mapped "{[/fromSample1]}" onto public void com.javateam.sampleprj01.FormActionController.formSample()
[20:56:14][INFO ](AbstractHandlerMethodMapping.java:217) - Mapped "{[/formAction2]}" onto public java.lang.String com.javateam.sampleprj01.FormActionController.formAction(javax.servlet.http.HttpServletRequest,javax.servlet.http.HttpServletResponse) throws java.io.IOException
[20:56:14][INFO ](AbstractHandlerMethodMapping.java:217) - Mapped "{[/formActionAnn02]}" onto public java.lang.String com.javateam.sampleprj01.FormActionController.formAction(java.util.Map<java.lang.String, java.lang.String>)
[20:56:14][INFO ](AbstractHandlerMethodMapping.java:217) - Mapped "{[/formActionAnn01]}" onto public java.lang.String com.javateam.sampleprj01.FormActionController.formAction(java.lang.String,java.lang.String,java.lang.String)
[20:56:14][INFO ](AbstractHandlerMethodMapping.java:217) - Mapped "{[/formActionBody]}" onto public void com.javateam.sampleprj01.FormActionController.formActionBody(java.lang.String)
[20:56:14][INFO ](AbstractHandlerMethodMapping.java:217) - Mapped "{[/formActionHeader]}" onto public void com.javateam.sampleprj01.FormActionController.formActionHeader(java.lang.String)
[20:56:14][INFO ](AbstractHandlerMethodMapping.java:217) - Mapped "{[/],methods=[GET]}" onto public java.lang.String com.javateam.sampleprj01.HomeController.home(java.util.Locale,org.springframework.ui.Model)
[20:56:14][INFO ](AbstractHandlerMethodMapping.java:217) - Mapped "{[/member/join]}" onto public java.lang.String com.javateam.sampleprj01.MemberController.join(com.javateam.model.Member,org.springframework.validation.BindingResult)
[20:56:14][INFO ](AbstractHandlerMethodMapping.java:217) - Mapped "{[/member/joinMember]}" onto public void com.javateam.sampleprj01.MemberController.joinMember(com.javateam.model.Member)
[20:56:14][INFO ](AbstractHandlerMethodMapping.java:217) - Mapped "{[/member/viewMember]}" onto public void com.javateam.sampleprj01.MemberController.viewMember()
[20:56:14][INFO ](AbstractHandlerMethodMapping.java:217) - Mapped "{[/member/updateMember]}" onto public void com.javateam.sampleprj01.MemberController.updateMember()
[20:56:14][INFO ](AbstractHandlerMethodMapping.java:217) - Mapped "{[/doA]}" onto public void org.zerock.web.SampleController.doA()
[20:56:14][INFO ](AbstractHandlerMethodMapping.java:217) - Mapped "{[/doC]}" onto public java.lang.String org.zerock.web.SampleController.doC(java.lang.String)
[20:56:14][INFO ](AbstractHandlerMethodMapping.java:217) - Mapped "{[/doB]}" onto public void org.zerock.web.SampleController.doB()
[20:56:14][INFO ](AbstractHandlerMethodMapping.java:217) - Mapped "{[/doD]}" onto public java.lang.String org.zerock.web.SampleController.doD(org.springframework.ui.Model)
[20:56:14][INFO ](AbstractHandlerMethodMapping.java:217) - Mapped "{[/doE]}" onto public java.lang.String org.zerock.web.SampleController.doE(org.springframework.web.servlet.mvc.support.RedirectAttributes)
[20:56:14][INFO ](AbstractHandlerMethodMapping.java:217) - Mapped "{[/doF]}" onto public void org.zerock.web.SampleController.doF(java.lang.String)
[20:56:14][INFO ](AbstractHandlerMethodMapping.java:217) - Mapped "{[/doJSON]}" onto public org.zerock.domain.ProductVo org.zerock.web.SampleController.doJSON()
[20:56:14][INFO ](Version.java:56) - Hibernate Validator 4.0.0.GA
[20:56:14][INFO ](DefaultTraversableResolver.java:89) - Instantiated an instance of org.hibernate.validator.engine.resolver.JPATraversableResolver.
[20:56:15][INFO ](RequestMappingHandlerAdapter.java:517) - Looking for @ControllerAdvice: WebApplicationContext for namespace 'appServlet-servlet': startup date [Mon Oct 03 20:56:14 KST 2016]; parent: Root WebApplicationContext
[20:56:15][INFO ](RequestMappingHandlerAdapter.java:517) - Looking for @ControllerAdvice: WebApplicationContext for namespace 'appServlet-servlet': startup date [Mon Oct 03 20:56:14 KST 2016]; parent: Root WebApplicationContext
[20:56:15][INFO ](AbstractUrlHandlerMapping.java:314) - Mapped URL path [/resources/**] onto handler 'org.springframework.web.servlet.resource.ResourceHttpRequestHandler#0'
[20:56:15][INFO ](FrameworkServlet.java:504) - FrameworkServlet 'appServlet': initialization completed in 1403 ms
[20:57:14][INFO ](HomeController.java:27) - Welcome home! The client locale is ko_KR.
[20:57:27][INFO ](AbstractApplicationContext.java:862) - Closing WebApplicationContext for namespace 'appServlet-servlet': startup date [Mon Oct 03 20:56:14 KST 2016]; parent: Root WebApplicationContext
[20:57:37][INFO ](FrameworkServlet.java:485) - FrameworkServlet 'appServlet': initialization started
[20:57:37][INFO ](AbstractApplicationContext.java:510) - Refreshing WebApplicationContext for namespace 'appServlet-servlet': startup date [Mon Oct 03 20:57:37 KST 2016]; parent: Root WebApplicationContext
[20:57:37][INFO ](XmlBeanDefinitionReader.java:317) - Loading XML bean definitions from ServletContext resource [/WEB-INF/spring/appServlet/servlet-context.xml]
[20:57:37][INFO ](AutowiredAnnotationBeanPostProcessor.java:153) - JSR-330 'javax.inject.Inject' annotation found and supported for autowiring
[20:57:38][INFO ](AbstractHandlerMethodMapping.java:217) - Mapped "{[/fromSample1]}" onto public void com.javateam.sampleprj01.FormActionController.formSample()
[20:57:38][INFO ](AbstractHandlerMethodMapping.java:217) - Mapped "{[/formActionAnn01]}" onto public java.lang.String com.javateam.sampleprj01.FormActionController.formAction(java.lang.String,java.lang.String,java.lang.String)
[20:57:38][INFO ](AbstractHandlerMethodMapping.java:217) - Mapped "{[/formActionAnn02]}" onto public java.lang.String com.javateam.sampleprj01.FormActionController.formAction(java.util.Map<java.lang.String, java.lang.String>)
[20:57:38][INFO ](AbstractHandlerMethodMapping.java:217) - Mapped "{[/formAction2]}" onto public java.lang.String com.javateam.sampleprj01.FormActionController.formAction(javax.servlet.http.HttpServletRequest,javax.servlet.http.HttpServletResponse) throws java.io.IOException
[20:57:38][INFO ](AbstractHandlerMethodMapping.java:217) - Mapped "{[/formActionBody]}" onto public void com.javateam.sampleprj01.FormActionController.formActionBody(java.lang.String)
[20:57:38][INFO ](AbstractHandlerMethodMapping.java:217) - Mapped "{[/formActionHeader]}" onto public void com.javateam.sampleprj01.FormActionController.formActionHeader(java.lang.String)
[20:57:38][INFO ](AbstractHandlerMethodMapping.java:217) - Mapped "{[/formActionModel01]}" onto public java.lang.String com.javateam.sampleprj01.FormActionController.formActionModel01(com.javateam.model.Member)
[20:57:38][INFO ](AbstractHandlerMethodMapping.java:217) - Mapped "{[/formActionModel02]}" onto public java.lang.String com.javateam.sampleprj01.FormActionController.formActionModel02(com.javateam.model.Member,org.springframework.validation.BindingResult)
[20:57:38][INFO ](AbstractHandlerMethodMapping.java:217) - Mapped "{[/formActionModel03]}" onto public java.lang.String com.javateam.sampleprj01.FormActionController.formActionModel03(java.lang.String,org.springframework.ui.Model,javax.servlet.http.HttpServletRequest)
[20:57:38][INFO ](AbstractHandlerMethodMapping.java:217) - Mapped "{[/formActionModelAndView]}" onto public org.springframework.web.servlet.ModelAndView com.javateam.sampleprj01.FormActionController.formActionModelAndView(java.lang.String)
[20:57:38][INFO ](AbstractHandlerMethodMapping.java:217) - Mapped "{[/],methods=[GET]}" onto public java.lang.String com.javateam.sampleprj01.HomeController.home(java.util.Locale,org.springframework.ui.Model)
[20:57:38][INFO ](AbstractHandlerMethodMapping.java:217) - Mapped "{[/member/join]}" onto public java.lang.String com.javateam.sampleprj01.MemberController.join(com.javateam.model.Member,org.springframework.validation.BindingResult)
[20:57:38][INFO ](AbstractHandlerMethodMapping.java:217) - Mapped "{[/member/viewMember]}" onto public void com.javateam.sampleprj01.MemberController.viewMember()
[20:57:38][INFO ](AbstractHandlerMethodMapping.java:217) - Mapped "{[/member/updateMember]}" onto public void com.javateam.sampleprj01.MemberController.updateMember()
[20:57:38][INFO ](AbstractHandlerMethodMapping.java:217) - Mapped "{[/member/joinMember]}" onto public void com.javateam.sampleprj01.MemberController.joinMember(com.javateam.model.Member)
[20:57:38][INFO ](AbstractHandlerMethodMapping.java:217) - Mapped "{[/doA]}" onto public void org.zerock.web.SampleController.doA()
[20:57:38][INFO ](AbstractHandlerMethodMapping.java:217) - Mapped "{[/doC]}" onto public java.lang.String org.zerock.web.SampleController.doC(java.lang.String)
[20:57:38][INFO ](AbstractHandlerMethodMapping.java:217) - Mapped "{[/doB]}" onto public void org.zerock.web.SampleController.doB()
[20:57:38][INFO ](AbstractHandlerMethodMapping.java:217) - Mapped "{[/doD]}" onto public java.lang.String org.zerock.web.SampleController.doD(org.springframework.ui.Model)
[20:57:38][INFO ](AbstractHandlerMethodMapping.java:217) - Mapped "{[/doE]}" onto public java.lang.String org.zerock.web.SampleController.doE(org.springframework.web.servlet.mvc.support.RedirectAttributes)
[20:57:38][INFO ](AbstractHandlerMethodMapping.java:217) - Mapped "{[/doF]}" onto public void org.zerock.web.SampleController.doF(java.lang.String)
[20:57:38][INFO ](AbstractHandlerMethodMapping.java:217) - Mapped "{[/doJSON]}" onto public org.zerock.domain.ProductVo org.zerock.web.SampleController.doJSON()
[20:57:38][INFO ](Version.java:56) - Hibernate Validator 4.0.0.GA
[20:57:38][INFO ](DefaultTraversableResolver.java:89) - Instantiated an instance of org.hibernate.validator.engine.resolver.JPATraversableResolver.
[20:57:38][INFO ](RequestMappingHandlerAdapter.java:517) - Looking for @ControllerAdvice: WebApplicationContext for namespace 'appServlet-servlet': startup date [Mon Oct 03 20:57:37 KST 2016]; parent: Root WebApplicationContext
[20:57:38][INFO ](RequestMappingHandlerAdapter.java:517) - Looking for @ControllerAdvice: WebApplicationContext for namespace 'appServlet-servlet': startup date [Mon Oct 03 20:57:37 KST 2016]; parent: Root WebApplicationContext
[20:57:38][INFO ](AbstractUrlHandlerMapping.java:314) - Mapped URL path [/resources/**] onto handler 'org.springframework.web.servlet.resource.ResourceHttpRequestHandler#0'
[20:57:38][INFO ](FrameworkServlet.java:504) - FrameworkServlet 'appServlet': initialization completed in 1214 ms
[20:58:13][INFO ](HomeController.java:27) - Welcome home! The client locale is ko_KR.
[21:01:59][INFO ](AbstractApplicationContext.java:862) - Closing WebApplicationContext for namespace 'appServlet-servlet': startup date [Mon Oct 03 20:57:37 KST 2016]; parent: Root WebApplicationContext
[21:02:09][INFO ](FrameworkServlet.java:485) - FrameworkServlet 'appServlet': initialization started
[21:02:09][INFO ](AbstractApplicationContext.java:510) - Refreshing WebApplicationContext for namespace 'appServlet-servlet': startup date [Mon Oct 03 21:02:09 KST 2016]; parent: Root WebApplicationContext
[21:02:09][INFO ](XmlBeanDefinitionReader.java:317) - Loading XML bean definitions from ServletContext resource [/WEB-INF/spring/appServlet/servlet-context.xml]
[21:02:09][INFO ](AutowiredAnnotationBeanPostProcessor.java:153) - JSR-330 'javax.inject.Inject' annotation found and supported for autowiring
[21:02:10][INFO ](AbstractHandlerMethodMapping.java:217) - Mapped "{[/formActionModel01]}" onto public java.lang.String com.javateam.sampleprj01.FormActionController.formActionModel01(com.javateam.model.Member)
[21:02:10][INFO ](AbstractHandlerMethodMapping.java:217) - Mapped "{[/formActionModel02]}" onto public java.lang.String com.javateam.sampleprj01.FormActionController.formActionModel02(com.javateam.model.Member,org.springframework.validation.BindingResult)
[21:02:10][INFO ](AbstractHandlerMethodMapping.java:217) - Mapped "{[/formActionModel03]}" onto public java.lang.String com.javateam.sampleprj01.FormActionController.formActionModel03(java.lang.String,org.springframework.ui.Model,javax.servlet.http.HttpServletRequest)
[21:02:10][INFO ](AbstractHandlerMethodMapping.java:217) - Mapped "{[/formActionModelAndView]}" onto public org.springframework.web.servlet.ModelAndView com.javateam.sampleprj01.FormActionController.formActionModelAndView(java.lang.String)
[21:02:10][INFO ](AbstractHandlerMethodMapping.java:217) - Mapped "{[/formAction2]}" onto public java.lang.String com.javateam.sampleprj01.FormActionController.formAction(javax.servlet.http.HttpServletRequest,javax.servlet.http.HttpServletResponse) throws java.io.IOException
[21:02:10][INFO ](AbstractHandlerMethodMapping.java:217) - Mapped "{[/formActionAnn01]}" onto public java.lang.String com.javateam.sampleprj01.FormActionController.formAction(java.lang.String,java.lang.String,java.lang.String)
[21:02:10][INFO ](AbstractHandlerMethodMapping.java:217) - Mapped "{[/formActionAnn02]}" onto public java.lang.String com.javateam.sampleprj01.FormActionController.formAction(java.util.Map<java.lang.String, java.lang.String>)
[21:02:10][INFO ](AbstractHandlerMethodMapping.java:217) - Mapped "{[/formActionBody]}" onto public void com.javateam.sampleprj01.FormActionController.formActionBody(java.lang.String)
[21:02:10][INFO ](AbstractHandlerMethodMapping.java:217) - Mapped "{[/formActionHeader]}" onto public void com.javateam.sampleprj01.FormActionController.formActionHeader(java.lang.String)
[21:02:10][INFO ](AbstractHandlerMethodMapping.java:217) - Mapped "{[/fromSample1]}" onto public void com.javateam.sampleprj01.FormActionController.formSample()
[21:02:10][INFO ](AbstractHandlerMethodMapping.java:217) - Mapped "{[/],methods=[GET]}" onto public java.lang.String com.javateam.sampleprj01.HomeController.home(java.util.Locale,org.springframework.ui.Model)
[21:02:10][INFO ](AbstractHandlerMethodMapping.java:217) - Mapped "{[/member/join]}" onto public java.lang.String com.javateam.sampleprj01.MemberController.join(com.javateam.model.Member,org.springframework.validation.BindingResult)
[21:02:10][INFO ](AbstractHandlerMethodMapping.java:217) - Mapped "{[/member/updateMember]}" onto public void com.javateam.sampleprj01.MemberController.updateMember()
[21:02:10][INFO ](AbstractHandlerMethodMapping.java:217) - Mapped "{[/member/viewMember]}" onto public void com.javateam.sampleprj01.MemberController.viewMember()
[21:02:10][INFO ](AbstractHandlerMethodMapping.java:217) - Mapped "{[/member/joinMember]}" onto public void com.javateam.sampleprj01.MemberController.joinMember(com.javateam.model.Member)
[21:02:10][INFO ](AbstractHandlerMethodMapping.java:217) - Mapped "{[/doA]}" onto public void org.zerock.web.SampleController.doA()
[21:02:10][INFO ](AbstractHandlerMethodMapping.java:217) - Mapped "{[/doC]}" onto public java.lang.String org.zerock.web.SampleController.doC(java.lang.String)
[21:02:10][INFO ](AbstractHandlerMethodMapping.java:217) - Mapped "{[/doB]}" onto public void org.zerock.web.SampleController.doB()
[21:02:10][INFO ](AbstractHandlerMethodMapping.java:217) - Mapped "{[/doD]}" onto public java.lang.String org.zerock.web.SampleController.doD(org.springframework.ui.Model)
[21:02:10][INFO ](AbstractHandlerMethodMapping.java:217) - Mapped "{[/doE]}" onto public java.lang.String org.zerock.web.SampleController.doE(org.springframework.web.servlet.mvc.support.RedirectAttributes)
[21:02:10][INFO ](AbstractHandlerMethodMapping.java:217) - Mapped "{[/doF]}" onto public void org.zerock.web.SampleController.doF(java.lang.String)
[21:02:10][INFO ](AbstractHandlerMethodMapping.java:217) - Mapped "{[/doJSON]}" onto public org.zerock.domain.ProductVo org.zerock.web.SampleController.doJSON()
[21:02:10][INFO ](Version.java:56) - Hibernate Validator 4.0.0.GA
[21:02:10][INFO ](DefaultTraversableResolver.java:89) - Instantiated an instance of org.hibernate.validator.engine.resolver.JPATraversableResolver.
[21:02:10][INFO ](RequestMappingHandlerAdapter.java:517) - Looking for @ControllerAdvice: WebApplicationContext for namespace 'appServlet-servlet': startup date [Mon Oct 03 21:02:09 KST 2016]; parent: Root WebApplicationContext
[21:02:11][INFO ](RequestMappingHandlerAdapter.java:517) - Looking for @ControllerAdvice: WebApplicationContext for namespace 'appServlet-servlet': startup date [Mon Oct 03 21:02:09 KST 2016]; parent: Root WebApplicationContext
[21:02:11][INFO ](AbstractUrlHandlerMapping.java:314) - Mapped URL path [/resources/**] onto handler 'org.springframework.web.servlet.resource.ResourceHttpRequestHandler#0'
[21:02:11][INFO ](FrameworkServlet.java:504) - FrameworkServlet 'appServlet': initialization completed in 1616 ms
[21:02:49][INFO ](HomeController.java:27) - Welcome home! The client locale is ko_KR.
[21:02:50][INFO ](HomeController.java:27) - Welcome home! The client locale is ko_KR.
[21:02:51][INFO ](HomeController.java:27) - Welcome home! The client locale is ko_KR.
[21:05:24][INFO ](AbstractApplicationContext.java:862) - Closing WebApplicationContext for namespace 'appServlet-servlet': startup date [Mon Oct 03 21:02:09 KST 2016]; parent: Root WebApplicationContext
[21:07:30][INFO ](FrameworkServlet.java:485) - FrameworkServlet 'appServlet': initialization started
[21:07:30][INFO ](AbstractApplicationContext.java:510) - Refreshing WebApplicationContext for namespace 'appServlet-servlet': startup date [Mon Oct 03 21:07:30 KST 2016]; parent: Root WebApplicationContext
[21:07:30][INFO ](XmlBeanDefinitionReader.java:317) - Loading XML bean definitions from ServletContext resource [/WEB-INF/spring/appServlet/servlet-context.xml]
[21:07:31][INFO ](AutowiredAnnotationBeanPostProcessor.java:153) - JSR-330 'javax.inject.Inject' annotation found and supported for autowiring
[21:07:31][INFO ](AbstractHandlerMethodMapping.java:217) - Mapped "{[/],methods=[GET]}" onto public java.lang.String org.zerock.controller.HomeController.home(java.util.Locale,org.springframework.ui.Model)
[21:07:31][INFO ](Version.java:56) - Hibernate Validator 4.0.0.GA
[21:07:31][INFO ](DefaultTraversableResolver.java:89) - Instantiated an instance of org.hibernate.validator.engine.resolver.JPATraversableResolver.
[21:07:32][INFO ](RequestMappingHandlerAdapter.java:517) - Looking for @ControllerAdvice: WebApplicationContext for namespace 'appServlet-servlet': startup date [Mon Oct 03 21:07:30 KST 2016]; parent: Root WebApplicationContext
[21:07:32][INFO ](RequestMappingHandlerAdapter.java:517) - Looking for @ControllerAdvice: WebApplicationContext for namespace 'appServlet-servlet': startup date [Mon Oct 03 21:07:30 KST 2016]; parent: Root WebApplicationContext
[21:07:32][INFO ](AbstractUrlHandlerMapping.java:314) - Mapped URL path [/resources/**] onto handler 'org.springframework.web.servlet.resource.ResourceHttpRequestHandler#0'
[21:07:32][INFO ](FrameworkServlet.java:504) - FrameworkServlet 'appServlet': initialization completed in 1752 ms
[21:07:33][INFO ](HomeController.java:27) - Welcome home! The client locale is ko_KR.
[21:07:36][INFO ](HomeController.java:27) - Welcome home! The client locale is ko_KR.
[21:08:05][INFO ](AbstractApplicationContext.java:862) - Closing WebApplicationContext for namespace 'appServlet-servlet': startup date [Mon Oct 03 21:07:30 KST 2016]; parent: Root WebApplicationContext
[21:08:12][INFO ](FrameworkServlet.java:485) - FrameworkServlet 'appServlet': initialization started
[21:08:12][INFO ](AbstractApplicationContext.java:510) - Refreshing WebApplicationContext for namespace 'appServlet-servlet': startup date [Mon Oct 03 21:08:12 KST 2016]; parent: Root WebApplicationContext
[21:08:12][INFO ](XmlBeanDefinitionReader.java:317) - Loading XML bean definitions from ServletContext resource [/WEB-INF/spring/appServlet/servlet-context.xml]
[21:08:13][INFO ](AutowiredAnnotationBeanPostProcessor.java:153) - JSR-330 'javax.inject.Inject' annotation found and supported for autowiring
[21:08:13][INFO ](AbstractHandlerMethodMapping.java:217) - Mapped "{[/],methods=[GET]}" onto public java.lang.String org.zerock.controller.HomeController.home(java.util.Locale,org.springframework.ui.Model)
[21:08:13][INFO ](Version.java:56) - Hibernate Validator 4.0.0.GA
[21:08:13][INFO ](DefaultTraversableResolver.java:89) - Instantiated an instance of org.hibernate.validator.engine.resolver.JPATraversableResolver.
[21:08:14][INFO ](RequestMappingHandlerAdapter.java:517) - Looking for @ControllerAdvice: WebApplicationContext for namespace 'appServlet-servlet': startup date [Mon Oct 03 21:08:12 KST 2016]; parent: Root WebApplicationContext
[21:08:14][INFO ](RequestMappingHandlerAdapter.java:517) - Looking for @ControllerAdvice: WebApplicationContext for namespace 'appServlet-servlet': startup date [Mon Oct 03 21:08:12 KST 2016]; parent: Root WebApplicationContext
[21:08:14][INFO ](AbstractUrlHandlerMapping.java:314) - Mapped URL path [/resources/**] onto handler 'org.springframework.web.servlet.resource.ResourceHttpRequestHandler#0'
[21:08:14][INFO ](FrameworkServlet.java:504) - FrameworkServlet 'appServlet': initialization completed in 1745 ms
[21:08:28][INFO ](HomeController.java:27) - Welcome home! The client locale is ko_KR.
[21:09:00][INFO ](AbstractApplicationContext.java:862) - Closing WebApplicationContext for namespace 'appServlet-servlet': startup date [Mon Oct 03 21:08:12 KST 2016]; parent: Root WebApplicationContext
[21:09:06][INFO ](FrameworkServlet.java:485) - FrameworkServlet 'appServlet': initialization started
[21:09:06][INFO ](AbstractApplicationContext.java:510) - Refreshing WebApplicationContext for namespace 'appServlet-servlet': startup date [Mon Oct 03 21:09:06 KST 2016]; parent: Root WebApplicationContext
[21:09:06][INFO ](XmlBeanDefinitionReader.java:317) - Loading XML bean definitions from ServletContext resource [/WEB-INF/spring/appServlet/servlet-context.xml]
[21:09:06][INFO ](AutowiredAnnotationBeanPostProcessor.java:153) - JSR-330 'javax.inject.Inject' annotation found and supported for autowiring
[21:09:07][INFO ](AbstractHandlerMethodMapping.java:217) - Mapped "{[/],methods=[GET]}" onto public java.lang.String org.zerock.controller.HomeController.home(java.util.Locale,org.springframework.ui.Model)
[21:09:07][INFO ](Version.java:56) - Hibernate Validator 4.0.0.GA
[21:09:07][INFO ](DefaultTraversableResolver.java:89) - Instantiated an instance of org.hibernate.validator.engine.resolver.JPATraversableResolver.
[21:09:07][INFO ](RequestMappingHandlerAdapter.java:517) - Looking for @ControllerAdvice: WebApplicationContext for namespace 'appServlet-servlet': startup date [Mon Oct 03 21:09:06 KST 2016]; parent: Root WebApplicationContext
[21:09:07][INFO ](RequestMappingHandlerAdapter.java:517) - Looking for @ControllerAdvice: WebApplicationContext for namespace 'appServlet-servlet': startup date [Mon Oct 03 21:09:06 KST 2016]; parent: Root WebApplicationContext
[21:09:07][INFO ](AbstractUrlHandlerMapping.java:314) - Mapped URL path [/resources/**] onto handler 'org.springframework.web.servlet.resource.ResourceHttpRequestHandler#0'
[21:09:07][INFO ](FrameworkServlet.java:504) - FrameworkServlet 'appServlet': initialization completed in 1830 ms
[21:09:27][INFO ](HomeController.java:27) - Welcome home! The client locale is ko_KR.
[21:09:29][INFO ](HomeController.java:27) - Welcome home! The client locale is ko_KR.
[21:09:53][INFO ](AbstractApplicationContext.java:862) - Closing WebApplicationContext for namespace 'appServlet-servlet': startup date [Mon Oct 03 21:09:06 KST 2016]; parent: Root WebApplicationContext
[21:10:01][INFO ](FrameworkServlet.java:485) - FrameworkServlet 'appServlet': initialization started
[21:10:01][INFO ](AbstractApplicationContext.java:510) - Refreshing WebApplicationContext for namespace 'appServlet-servlet': startup date [Mon Oct 03 21:10:01 KST 2016]; parent: Root WebApplicationContext
[21:10:01][INFO ](XmlBeanDefinitionReader.java:317) - Loading XML bean definitions from ServletContext resource [/WEB-INF/spring/appServlet/servlet-context.xml]
[21:10:01][INFO ](AutowiredAnnotationBeanPostProcessor.java:153) - JSR-330 'javax.inject.Inject' annotation found and supported for autowiring
[21:10:01][INFO ](AbstractHandlerMethodMapping.java:217) - Mapped "{[/formActionAnn02]}" onto public java.lang.String com.javateam.sampleprj01.FormActionController.formAction(java.util.Map<java.lang.String, java.lang.String>)
[21:10:01][INFO ](AbstractHandlerMethodMapping.java:217) - Mapped "{[/formActionAnn01]}" onto public java.lang.String com.javateam.sampleprj01.FormActionController.formAction(java.lang.String,java.lang.String,java.lang.String)
[21:10:01][INFO ](AbstractHandlerMethodMapping.java:217) - Mapped "{[/formAction2]}" onto public java.lang.String com.javateam.sampleprj01.FormActionController.formAction(javax.servlet.http.HttpServletRequest,javax.servlet.http.HttpServletResponse) throws java.io.IOException
[21:10:01][INFO ](AbstractHandlerMethodMapping.java:217) - Mapped "{[/fromSample1]}" onto public void com.javateam.sampleprj01.FormActionController.formSample()
[21:10:01][INFO ](AbstractHandlerMethodMapping.java:217) - Mapped "{[/formActionBody]}" onto public void com.javateam.sampleprj01.FormActionController.formActionBody(java.lang.String)
[21:10:01][INFO ](AbstractHandlerMethodMapping.java:217) - Mapped "{[/formActionHeader]}" onto public void com.javateam.sampleprj01.FormActionController.formActionHeader(java.lang.String)
[21:10:01][INFO ](AbstractHandlerMethodMapping.java:217) - Mapped "{[/formActionModel01]}" onto public java.lang.String com.javateam.sampleprj01.FormActionController.formActionModel01(com.javateam.model.Member)
[21:10:01][INFO ](AbstractHandlerMethodMapping.java:217) - Mapped "{[/formActionModel02]}" onto public java.lang.String com.javateam.sampleprj01.FormActionController.formActionModel02(com.javateam.model.Member,org.springframework.validation.BindingResult)
[21:10:01][INFO ](AbstractHandlerMethodMapping.java:217) - Mapped "{[/formActionModel03]}" onto public java.lang.String com.javateam.sampleprj01.FormActionController.formActionModel03(java.lang.String,org.springframework.ui.Model,javax.servlet.http.HttpServletRequest)
[21:10:01][INFO ](AbstractHandlerMethodMapping.java:217) - Mapped "{[/formActionModelAndView]}" onto public org.springframework.web.servlet.ModelAndView com.javateam.sampleprj01.FormActionController.formActionModelAndView(java.lang.String)
[21:10:01][INFO ](AbstractHandlerMethodMapping.java:217) - Mapped "{[/],methods=[GET]}" onto public java.lang.String com.javateam.sampleprj01.HomeController.home(java.util.Locale,org.springframework.ui.Model)
[21:10:01][INFO ](AbstractHandlerMethodMapping.java:217) - Mapped "{[/member/join]}" onto public java.lang.String com.javateam.sampleprj01.MemberController.join(com.javateam.model.Member,org.springframework.validation.BindingResult)
[21:10:01][INFO ](AbstractHandlerMethodMapping.java:217) - Mapped "{[/member/joinMember]}" onto public void com.javateam.sampleprj01.MemberController.joinMember(com.javateam.model.Member)
[21:10:01][INFO ](AbstractHandlerMethodMapping.java:217) - Mapped "{[/member/viewMember]}" onto public void com.javateam.sampleprj01.MemberController.viewMember()
[21:10:01][INFO ](AbstractHandlerMethodMapping.java:217) - Mapped "{[/member/updateMember]}" onto public void com.javateam.sampleprj01.MemberController.updateMember()
[21:10:01][INFO ](AbstractHandlerMethodMapping.java:217) - Mapped "{[/doA]}" onto public void org.zerock.web.SampleController.doA()
[21:10:01][INFO ](AbstractHandlerMethodMapping.java:217) - Mapped "{[/doC]}" onto public java.lang.String org.zerock.web.SampleController.doC(java.lang.String)
[21:10:01][INFO ](AbstractHandlerMethodMapping.java:217) - Mapped "{[/doB]}" onto public void org.zerock.web.SampleController.doB()
[21:10:01][INFO ](AbstractHandlerMethodMapping.java:217) - Mapped "{[/doD]}" onto public java.lang.String org.zerock.web.SampleController.doD(org.springframework.ui.Model)
[21:10:01][INFO ](AbstractHandlerMethodMapping.java:217) - Mapped "{[/doE]}" onto public java.lang.String org.zerock.web.SampleController.doE(org.springframework.web.servlet.mvc.support.RedirectAttributes)
[21:10:01][INFO ](AbstractHandlerMethodMapping.java:217) - Mapped "{[/doF]}" onto public void org.zerock.web.SampleController.doF(java.lang.String)
[21:10:01][INFO ](AbstractHandlerMethodMapping.java:217) - Mapped "{[/doJSON]}" onto public org.zerock.domain.ProductVo org.zerock.web.SampleController.doJSON()
[21:10:01][INFO ](Version.java:56) - Hibernate Validator 4.0.0.GA
[21:10:01][INFO ](DefaultTraversableResolver.java:89) - Instantiated an instance of org.hibernate.validator.engine.resolver.JPATraversableResolver.
[21:10:02][INFO ](RequestMappingHandlerAdapter.java:517) - Looking for @ControllerAdvice: WebApplicationContext for namespace 'appServlet-servlet': startup date [Mon Oct 03 21:10:01 KST 2016]; parent: Root WebApplicationContext
[21:10:02][INFO ](RequestMappingHandlerAdapter.java:517) - Looking for @ControllerAdvice: WebApplicationContext for namespace 'appServlet-servlet': startup date [Mon Oct 03 21:10:01 KST 2016]; parent: Root WebApplicationContext
[21:10:02][INFO ](AbstractUrlHandlerMapping.java:314) - Mapped URL path [/resources/**] onto handler 'org.springframework.web.servlet.resource.ResourceHttpRequestHandler#0'
[21:10:02][INFO ](FrameworkServlet.java:504) - FrameworkServlet 'appServlet': initialization completed in 1287 ms
[21:10:10][INFO ](HomeController.java:27) - Welcome home! The client locale is ko_KR.
[21:10:26][INFO ](AbstractApplicationContext.java:862) - Closing WebApplicationContext for namespace 'appServlet-servlet': startup date [Mon Oct 03 21:10:01 KST 2016]; parent: Root WebApplicationContext
[21:10:33][INFO ](FrameworkServlet.java:485) - FrameworkServlet 'appServlet': initialization started
[21:10:33][INFO ](AbstractApplicationContext.java:510) - Refreshing WebApplicationContext for namespace 'appServlet-servlet': startup date [Mon Oct 03 21:10:33 KST 2016]; parent: Root WebApplicationContext
[21:10:33][INFO ](XmlBeanDefinitionReader.java:317) - Loading XML bean definitions from ServletContext resource [/WEB-INF/spring/appServlet/servlet-context.xml]
[21:10:33][INFO ](AutowiredAnnotationBeanPostProcessor.java:153) - JSR-330 'javax.inject.Inject' annotation found and supported for autowiring
[21:10:34][INFO ](AbstractHandlerMethodMapping.java:217) - Mapped "{[/],methods=[GET]}" onto public java.lang.String org.zerock.controller.HomeController.home(java.util.Locale,org.springframework.ui.Model)
[21:10:34][INFO ](Version.java:56) - Hibernate Validator 4.0.0.GA
[21:10:34][INFO ](DefaultTraversableResolver.java:89) - Instantiated an instance of org.hibernate.validator.engine.resolver.JPATraversableResolver.
[21:10:34][INFO ](RequestMappingHandlerAdapter.java:517) - Looking for @ControllerAdvice: WebApplicationContext for namespace 'appServlet-servlet': startup date [Mon Oct 03 21:10:33 KST 2016]; parent: Root WebApplicationContext
[21:10:35][INFO ](RequestMappingHandlerAdapter.java:517) - Looking for @ControllerAdvice: WebApplicationContext for namespace 'appServlet-servlet': startup date [Mon Oct 03 21:10:33 KST 2016]; parent: Root WebApplicationContext
[21:10:35][INFO ](AbstractUrlHandlerMapping.java:314) - Mapped URL path [/resources/**] onto handler 'org.springframework.web.servlet.resource.ResourceHttpRequestHandler#0'
[21:10:35][INFO ](FrameworkServlet.java:504) - FrameworkServlet 'appServlet': initialization completed in 2260 ms
[21:10:46][INFO ](HomeController.java:27) - Welcome home! The client locale is ko_KR.
[21:10:49][INFO ](HomeController.java:27) - Welcome home! The client locale is ko_KR.
[21:21:50][INFO ](HomeController.java:27) - Welcome home! The client locale is ko_KR.
[21:22:21][INFO ](AbstractApplicationContext.java:862) - Closing WebApplicationContext for namespace 'appServlet-servlet': startup date [Mon Oct 03 21:10:33 KST 2016]; parent: Root WebApplicationContext
[21:22:29][INFO ](FrameworkServlet.java:485) - FrameworkServlet 'appServlet': initialization started
[21:22:29][INFO ](AbstractApplicationContext.java:510) - Refreshing WebApplicationContext for namespace 'appServlet-servlet': startup date [Mon Oct 03 21:22:29 KST 2016]; parent: Root WebApplicationContext
[21:22:29][INFO ](XmlBeanDefinitionReader.java:317) - Loading XML bean definitions from ServletContext resource [/WEB-INF/spring/appServlet/servlet-context.xml]
[21:22:29][INFO ](AutowiredAnnotationBeanPostProcessor.java:153) - JSR-330 'javax.inject.Inject' annotation found and supported for autowiring
[21:22:29][INFO ](AbstractHandlerMethodMapping.java:217) - Mapped "{[/formActionAnn02]}" onto public java.lang.String com.javateam.sampleprj01.FormActionController.formAction(java.util.Map<java.lang.String, java.lang.String>)
[21:22:29][INFO ](AbstractHandlerMethodMapping.java:217) - Mapped "{[/formActionAnn01]}" onto public java.lang.String com.javateam.sampleprj01.FormActionController.formAction(java.lang.String,java.lang.String,java.lang.String)
[21:22:29][INFO ](AbstractHandlerMethodMapping.java:217) - Mapped "{[/formAction2]}" onto public java.lang.String com.javateam.sampleprj01.FormActionController.formAction(javax.servlet.http.HttpServletRequest,javax.servlet.http.HttpServletResponse) throws java.io.IOException
[21:22:29][INFO ](AbstractHandlerMethodMapping.java:217) - Mapped "{[/fromSample1]}" onto public void com.javateam.sampleprj01.FormActionController.formSample()
[21:22:29][INFO ](AbstractHandlerMethodMapping.java:217) - Mapped "{[/formActionBody]}" onto public void com.javateam.sampleprj01.FormActionController.formActionBody(java.lang.String)
[21:22:29][INFO ](AbstractHandlerMethodMapping.java:217) - Mapped "{[/formActionHeader]}" onto public void com.javateam.sampleprj01.FormActionController.formActionHeader(java.lang.String)
[21:22:29][INFO ](AbstractHandlerMethodMapping.java:217) - Mapped "{[/formActionModel01]}" onto public java.lang.String com.javateam.sampleprj01.FormActionController.formActionModel01(com.javateam.model.Member)
[21:22:29][INFO ](AbstractHandlerMethodMapping.java:217) - Mapped "{[/formActionModel02]}" onto public java.lang.String com.javateam.sampleprj01.FormActionController.formActionModel02(com.javateam.model.Member,org.springframework.validation.BindingResult)
[21:22:29][INFO ](AbstractHandlerMethodMapping.java:217) - Mapped "{[/formActionModel03]}" onto public java.lang.String com.javateam.sampleprj01.FormActionController.formActionModel03(java.lang.String,org.springframework.ui.Model,javax.servlet.http.HttpServletRequest)
[21:22:29][INFO ](AbstractHandlerMethodMapping.java:217) - Mapped "{[/formActionModelAndView]}" onto public org.springframework.web.servlet.ModelAndView com.javateam.sampleprj01.FormActionController.formActionModelAndView(java.lang.String)
[21:22:29][INFO ](AbstractHandlerMethodMapping.java:217) - Mapped "{[/],methods=[GET]}" onto public java.lang.String com.javateam.sampleprj01.HomeController.home(java.util.Locale,org.springframework.ui.Model)
[21:22:29][INFO ](AbstractHandlerMethodMapping.java:217) - Mapped "{[/member/join]}" onto public java.lang.String com.javateam.sampleprj01.MemberController.join(com.javateam.model.Member,org.springframework.validation.BindingResult)
[21:22:29][INFO ](AbstractHandlerMethodMapping.java:217) - Mapped "{[/member/joinMember]}" onto public void com.javateam.sampleprj01.MemberController.joinMember(com.javateam.model.Member)
[21:22:29][INFO ](AbstractHandlerMethodMapping.java:217) - Mapped "{[/member/viewMember]}" onto public void com.javateam.sampleprj01.MemberController.viewMember()
[21:22:29][INFO ](AbstractHandlerMethodMapping.java:217) - Mapped "{[/member/updateMember]}" onto public void com.javateam.sampleprj01.MemberController.updateMember()
[21:22:29][INFO ](AbstractHandlerMethodMapping.java:217) - Mapped "{[/doA]}" onto public void org.zerock.web.SampleController.doA()
[21:22:29][INFO ](AbstractHandlerMethodMapping.java:217) - Mapped "{[/doC]}" onto public java.lang.String org.zerock.web.SampleController.doC(java.lang.String)
[21:22:29][INFO ](AbstractHandlerMethodMapping.java:217) - Mapped "{[/doB]}" onto public void org.zerock.web.SampleController.doB()
[21:22:29][INFO ](AbstractHandlerMethodMapping.java:217) - Mapped "{[/doD]}" onto public java.lang.String org.zerock.web.SampleController.doD(org.springframework.ui.Model)
[21:22:29][INFO ](AbstractHandlerMethodMapping.java:217) - Mapped "{[/doE]}" onto public java.lang.String org.zerock.web.SampleController.doE(org.springframework.web.servlet.mvc.support.RedirectAttributes)
[21:22:29][INFO ](AbstractHandlerMethodMapping.java:217) - Mapped "{[/doF]}" onto public void org.zerock.web.SampleController.doF(java.lang.String)
[21:22:29][INFO ](AbstractHandlerMethodMapping.java:217) - Mapped "{[/doJSON]}" onto public org.zerock.domain.ProductVo org.zerock.web.SampleController.doJSON()
[21:22:29][INFO ](Version.java:56) - Hibernate Validator 4.0.0.GA
[21:22:29][INFO ](DefaultTraversableResolver.java:89) - Instantiated an instance of org.hibernate.validator.engine.resolver.JPATraversableResolver.
[21:22:30][INFO ](RequestMappingHandlerAdapter.java:517) - Looking for @ControllerAdvice: WebApplicationContext for namespace 'appServlet-servlet': startup date [Mon Oct 03 21:22:29 KST 2016]; parent: Root WebApplicationContext
[21:22:30][INFO ](RequestMappingHandlerAdapter.java:517) - Looking for @ControllerAdvice: WebApplicationContext for namespace 'appServlet-servlet': startup date [Mon Oct 03 21:22:29 KST 2016]; parent: Root WebApplicationContext
[21:22:30][INFO ](AbstractUrlHandlerMapping.java:314) - Mapped URL path [/resources/**] onto handler 'org.springframework.web.servlet.resource.ResourceHttpRequestHandler#0'
[21:22:30][INFO ](FrameworkServlet.java:504) - FrameworkServlet 'appServlet': initialization completed in 1594 ms
[21:22:33][INFO ](HomeController.java:27) - Welcome home! The client locale is ko_KR.
[21:22:53][INFO ](AbstractApplicationContext.java:862) - Closing WebApplicationContext for namespace 'appServlet-servlet': startup date [Mon Oct 03 21:22:29 KST 2016]; parent: Root WebApplicationContext
[21:23:00][INFO ](FrameworkServlet.java:485) - FrameworkServlet 'appServlet': initialization started
[21:23:00][INFO ](AbstractApplicationContext.java:510) - Refreshing WebApplicationContext for namespace 'appServlet-servlet': startup date [Mon Oct 03 21:23:00 KST 2016]; parent: Root WebApplicationContext
[21:23:00][INFO ](XmlBeanDefinitionReader.java:317) - Loading XML bean definitions from ServletContext resource [/WEB-INF/spring/appServlet/servlet-context.xml]
[21:23:01][INFO ](AutowiredAnnotationBeanPostProcessor.java:153) - JSR-330 'javax.inject.Inject' annotation found and supported for autowiring
[21:23:01][INFO ](AbstractHandlerMethodMapping.java:217) - Mapped "{[/],methods=[GET]}" onto public java.lang.String org.zerock.controller.HomeController.home(java.util.Locale,org.springframework.ui.Model)
[21:23:01][INFO ](Version.java:56) - Hibernate Validator 4.0.0.GA
[21:23:01][INFO ](DefaultTraversableResolver.java:89) - Instantiated an instance of org.hibernate.validator.engine.resolver.JPATraversableResolver.
[21:23:02][INFO ](RequestMappingHandlerAdapter.java:517) - Looking for @ControllerAdvice: WebApplicationContext for namespace 'appServlet-servlet': startup date [Mon Oct 03 21:23:00 KST 2016]; parent: Root WebApplicationContext
[21:23:02][INFO ](RequestMappingHandlerAdapter.java:517) - Looking for @ControllerAdvice: WebApplicationContext for namespace 'appServlet-servlet': startup date [Mon Oct 03 21:23:00 KST 2016]; parent: Root WebApplicationContext
[21:23:02][INFO ](AbstractUrlHandlerMapping.java:314) - Mapped URL path [/resources/**] onto handler 'org.springframework.web.servlet.resource.ResourceHttpRequestHandler#0'
[21:23:02][INFO ](FrameworkServlet.java:504) - FrameworkServlet 'appServlet': initialization completed in 2618 ms
[21:23:11][INFO ](HomeController.java:27) - Welcome home! The client locale is ko_KR.
[21:34:24][INFO ](AbstractApplicationContext.java:862) - Closing WebApplicationContext for namespace 'appServlet-servlet': startup date [Mon Oct 03 21:23:00 KST 2016]; parent: Root WebApplicationContext
[21:34:30][INFO ](FrameworkServlet.java:485) - FrameworkServlet 'appServlet': initialization started
[21:34:31][INFO ](AbstractApplicationContext.java:510) - Refreshing WebApplicationContext for namespace 'appServlet-servlet': startup date [Mon Oct 03 21:34:31 KST 2016]; parent: Root WebApplicationContext
[21:34:31][INFO ](XmlBeanDefinitionReader.java:317) - Loading XML bean definitions from ServletContext resource [/WEB-INF/spring/appServlet/servlet-context.xml]
[21:34:31][INFO ](AutowiredAnnotationBeanPostProcessor.java:153) - JSR-330 'javax.inject.Inject' annotation found and supported for autowiring
[21:34:31][INFO ](AbstractHandlerMethodMapping.java:217) - Mapped "{[/],methods=[GET]}" onto public java.lang.String org.zerock.controller.HomeController.home(java.util.Locale,org.springframework.ui.Model)
[21:34:31][INFO ](Version.java:56) - Hibernate Validator 4.0.0.GA
[21:34:31][INFO ](DefaultTraversableResolver.java:89) - Instantiated an instance of org.hibernate.validator.engine.resolver.JPATraversableResolver.
[21:34:32][INFO ](RequestMappingHandlerAdapter.java:517) - Looking for @ControllerAdvice: WebApplicationContext for namespace 'appServlet-servlet': startup date [Mon Oct 03 21:34:31 KST 2016]; parent: Root WebApplicationContext
[21:34:32][INFO ](RequestMappingHandlerAdapter.java:517) - Looking for @ControllerAdvice: WebApplicationContext for namespace 'appServlet-servlet': startup date [Mon Oct 03 21:34:31 KST 2016]; parent: Root WebApplicationContext
[21:34:32][INFO ](AbstractUrlHandlerMapping.java:314) - Mapped URL path [/resources/**] onto handler 'org.springframework.web.servlet.resource.ResourceHttpRequestHandler#0'
[21:34:32][INFO ](FrameworkServlet.java:504) - FrameworkServlet 'appServlet': initialization completed in 1652 ms
[21:34:35][INFO ](FrameworkServlet.java:485) - FrameworkServlet 'appServlet': initialization started
[21:34:35][INFO ](AbstractApplicationContext.java:510) - Refreshing WebApplicationContext for namespace 'appServlet-servlet': startup date [Mon Oct 03 21:34:35 KST 2016]; parent: Root WebApplicationContext
[21:34:35][INFO ](XmlBeanDefinitionReader.java:317) - Loading XML bean definitions from ServletContext resource [/WEB-INF/spring/appServlet/servlet-context.xml]
[21:34:35][INFO ](AutowiredAnnotationBeanPostProcessor.java:153) - JSR-330 'javax.inject.Inject' annotation found and supported for autowiring
[21:34:35][INFO ](AbstractHandlerMethodMapping.java:217) - Mapped "{[/formActionModel01]}" onto public java.lang.String com.javateam.sampleprj01.FormActionController.formActionModel01(com.javateam.model.Member)
[21:34:35][INFO ](AbstractHandlerMethodMapping.java:217) - Mapped "{[/formActionModel02]}" onto public java.lang.String com.javateam.sampleprj01.FormActionController.formActionModel02(com.javateam.model.Member,org.springframework.validation.BindingResult)
[21:34:35][INFO ](AbstractHandlerMethodMapping.java:217) - Mapped "{[/formActionModel03]}" onto public java.lang.String com.javateam.sampleprj01.FormActionController.formActionModel03(java.lang.String,org.springframework.ui.Model,javax.servlet.http.HttpServletRequest)
[21:34:35][INFO ](AbstractHandlerMethodMapping.java:217) - Mapped "{[/formActionModelAndView]}" onto public org.springframework.web.servlet.ModelAndView com.javateam.sampleprj01.FormActionController.formActionModelAndView(java.lang.String)
[21:34:35][INFO ](AbstractHandlerMethodMapping.java:217) - Mapped "{[/fromSample1]}" onto public void com.javateam.sampleprj01.FormActionController.formSample()
[21:34:35][INFO ](AbstractHandlerMethodMapping.java:217) - Mapped "{[/formAction2]}" onto public java.lang.String com.javateam.sampleprj01.FormActionController.formAction(javax.servlet.http.HttpServletRequest,javax.servlet.http.HttpServletResponse) throws java.io.IOException
[21:34:35][INFO ](AbstractHandlerMethodMapping.java:217) - Mapped "{[/formActionAnn02]}" onto public java.lang.String com.javateam.sampleprj01.FormActionController.formAction(java.util.Map<java.lang.String, java.lang.String>)
[21:34:35][INFO ](AbstractHandlerMethodMapping.java:217) - Mapped "{[/formActionAnn01]}" onto public java.lang.String com.javateam.sampleprj01.FormActionController.formAction(java.lang.String,java.lang.String,java.lang.String)
[21:34:35][INFO ](AbstractHandlerMethodMapping.java:217) - Mapped "{[/formActionBody]}" onto public void com.javateam.sampleprj01.FormActionController.formActionBody(java.lang.String)
[21:34:35][INFO ](AbstractHandlerMethodMapping.java:217) - Mapped "{[/formActionHeader]}" onto public void com.javateam.sampleprj01.FormActionController.formActionHeader(java.lang.String)
[21:34:35][INFO ](AbstractHandlerMethodMapping.java:217) - Mapped "{[/],methods=[GET]}" onto public java.lang.String com.javateam.sampleprj01.HomeController.home(java.util.Locale,org.springframework.ui.Model)
[21:34:35][INFO ](AbstractHandlerMethodMapping.java:217) - Mapped "{[/member/join]}" onto public java.lang.String com.javateam.sampleprj01.MemberController.join(com.javateam.model.Member,org.springframework.validation.BindingResult)
[21:34:35][INFO ](AbstractHandlerMethodMapping.java:217) - Mapped "{[/member/viewMember]}" onto public void com.javateam.sampleprj01.MemberController.viewMember()
[21:34:35][INFO ](AbstractHandlerMethodMapping.java:217) - Mapped "{[/member/joinMember]}" onto public void com.javateam.sampleprj01.MemberController.joinMember(com.javateam.model.Member)
[21:34:35][INFO ](AbstractHandlerMethodMapping.java:217) - Mapped "{[/member/updateMember]}" onto public void com.javateam.sampleprj01.MemberController.updateMember()
[21:34:35][INFO ](AbstractHandlerMethodMapping.java:217) - Mapped "{[/doA]}" onto public void org.zerock.web.SampleController.doA()
[21:34:35][INFO ](AbstractHandlerMethodMapping.java:217) - Mapped "{[/doC]}" onto public java.lang.String org.zerock.web.SampleController.doC(java.lang.String)
[21:34:35][INFO ](AbstractHandlerMethodMapping.java:217) - Mapped "{[/doB]}" onto public void org.zerock.web.SampleController.doB()
[21:34:35][INFO ](AbstractHandlerMethodMapping.java:217) - Mapped "{[/doD]}" onto public java.lang.String org.zerock.web.SampleController.doD(org.springframework.ui.Model)
[21:34:35][INFO ](AbstractHandlerMethodMapping.java:217) - Mapped "{[/doE]}" onto public java.lang.String org.zerock.web.SampleController.doE(org.springframework.web.servlet.mvc.support.RedirectAttributes)
[21:34:35][INFO ](AbstractHandlerMethodMapping.java:217) - Mapped "{[/doF]}" onto public void org.zerock.web.SampleController.doF(java.lang.String)
[21:34:35][INFO ](AbstractHandlerMethodMapping.java:217) - Mapped "{[/doJSON]}" onto public org.zerock.domain.ProductVo org.zerock.web.SampleController.doJSON()
[21:34:35][INFO ](Version.java:56) - Hibernate Validator 4.0.0.GA
[21:34:35][INFO ](DefaultTraversableResolver.java:89) - Instantiated an instance of org.hibernate.validator.engine.resolver.JPATraversableResolver.
[21:34:36][INFO ](RequestMappingHandlerAdapter.java:517) - Looking for @ControllerAdvice: WebApplicationContext for namespace 'appServlet-servlet': startup date [Mon Oct 03 21:34:35 KST 2016]; parent: Root WebApplicationContext
[21:34:36][INFO ](RequestMappingHandlerAdapter.java:517) - Looking for @ControllerAdvice: WebApplicationContext for namespace 'appServlet-servlet': startup date [Mon Oct 03 21:34:35 KST 2016]; parent: Root WebApplicationContext
[21:34:36][INFO ](AbstractUrlHandlerMapping.java:314) - Mapped URL path [/resources/**] onto handler 'org.springframework.web.servlet.resource.ResourceHttpRequestHandler#0'
[21:34:36][INFO ](FrameworkServlet.java:504) - FrameworkServlet 'appServlet': initialization completed in 1209 ms
[21:34:46][INFO ](HomeController.java:27) - Welcome home! The client locale is ko_KR.
[21:34:51][INFO ](HomeController.java:27) - Welcome home! The client locale is ko_KR.
[21:40:39][INFO ](AbstractApplicationContext.java:862) - Closing WebApplicationContext for namespace 'appServlet-servlet': startup date [Mon Oct 03 21:34:31 KST 2016]; parent: Root WebApplicationContext
[21:40:39][INFO ](AbstractApplicationContext.java:862) - Closing WebApplicationContext for namespace 'appServlet-servlet': startup date [Mon Oct 03 21:34:35 KST 2016]; parent: Root WebApplicationContext
[21:40:50][INFO ](FrameworkServlet.java:485) - FrameworkServlet 'appServlet': initialization started
[21:40:50][INFO ](AbstractApplicationContext.java:510) - Refreshing WebApplicationContext for namespace 'appServlet-servlet': startup date [Mon Oct 03 21:40:50 KST 2016]; parent: Root WebApplicationContext
[21:40:50][INFO ](XmlBeanDefinitionReader.java:317) - Loading XML bean definitions from ServletContext resource [/WEB-INF/spring/appServlet/servlet-context.xml]
[21:40:50][INFO ](AutowiredAnnotationBeanPostProcessor.java:153) - JSR-330 'javax.inject.Inject' annotation found and supported for autowiring
[21:40:50][INFO ](AbstractHandlerMethodMapping.java:217) - Mapped "{[/formActionModel01]}" onto public java.lang.String com.javateam.sampleprj01.FormActionController.formActionModel01(com.javateam.model.Member)
[21:40:50][INFO ](AbstractHandlerMethodMapping.java:217) - Mapped "{[/formActionModel02]}" onto public java.lang.String com.javateam.sampleprj01.FormActionController.formActionModel02(com.javateam.model.Member,org.springframework.validation.BindingResult)
[21:40:50][INFO ](AbstractHandlerMethodMapping.java:217) - Mapped "{[/formActionModel03]}" onto public java.lang.String com.javateam.sampleprj01.FormActionController.formActionModel03(java.lang.String,org.springframework.ui.Model,javax.servlet.http.HttpServletRequest)
[21:40:50][INFO ](AbstractHandlerMethodMapping.java:217) - Mapped "{[/formActionModelAndView]}" onto public org.springframework.web.servlet.ModelAndView com.javateam.sampleprj01.FormActionController.formActionModelAndView(java.lang.String)
[21:40:50][INFO ](AbstractHandlerMethodMapping.java:217) - Mapped "{[/fromSample1]}" onto public void com.javateam.sampleprj01.FormActionController.formSample()
[21:40:50][INFO ](AbstractHandlerMethodMapping.java:217) - Mapped "{[/formAction2]}" onto public java.lang.String com.javateam.sampleprj01.FormActionController.formAction(javax.servlet.http.HttpServletRequest,javax.servlet.http.HttpServletResponse) throws java.io.IOException
[21:40:50][INFO ](AbstractHandlerMethodMapping.java:217) - Mapped "{[/formActionAnn02]}" onto public java.lang.String com.javateam.sampleprj01.FormActionController.formAction(java.util.Map<java.lang.String, java.lang.String>)
[21:40:50][INFO ](AbstractHandlerMethodMapping.java:217) - Mapped "{[/formActionAnn01]}" onto public java.lang.String com.javateam.sampleprj01.FormActionController.formAction(java.lang.String,java.lang.String,java.lang.String)
[21:40:50][INFO ](AbstractHandlerMethodMapping.java:217) - Mapped "{[/formActionBody]}" onto public void com.javateam.sampleprj01.FormActionController.formActionBody(java.lang.String)
[21:40:50][INFO ](AbstractHandlerMethodMapping.java:217) - Mapped "{[/formActionHeader]}" onto public void com.javateam.sampleprj01.FormActionController.formActionHeader(java.lang.String)
[21:40:50][INFO ](AbstractHandlerMethodMapping.java:217) - Mapped "{[/],methods=[GET]}" onto public java.lang.String com.javateam.sampleprj01.HomeController.home(java.util.Locale,org.springframework.ui.Model)
[21:40:50][INFO ](AbstractHandlerMethodMapping.java:217) - Mapped "{[/member/join]}" onto public java.lang.String com.javateam.sampleprj01.MemberController.join(com.javateam.model.Member,org.springframework.validation.BindingResult)
[21:40:50][INFO ](AbstractHandlerMethodMapping.java:217) - Mapped "{[/member/joinMember]}" onto public void com.javateam.sampleprj01.MemberController.joinMember(com.javateam.model.Member)
[21:40:50][INFO ](AbstractHandlerMethodMapping.java:217) - Mapped "{[/member/viewMember]}" onto public void com.javateam.sampleprj01.MemberController.viewMember()
[21:40:50][INFO ](AbstractHandlerMethodMapping.java:217) - Mapped "{[/member/updateMember]}" onto public void com.javateam.sampleprj01.MemberController.updateMember()
[21:40:50][INFO ](AbstractHandlerMethodMapping.java:217) - Mapped "{[/doA]}" onto public void org.zerock.web.SampleController.doA()
[21:40:50][INFO ](AbstractHandlerMethodMapping.java:217) - Mapped "{[/doC]}" onto public java.lang.String org.zerock.web.SampleController.doC(java.lang.String)
[21:40:50][INFO ](AbstractHandlerMethodMapping.java:217) - Mapped "{[/doB]}" onto public void org.zerock.web.SampleController.doB()
[21:40:50][INFO ](AbstractHandlerMethodMapping.java:217) - Mapped "{[/doD]}" onto public java.lang.String org.zerock.web.SampleController.doD(org.springframework.ui.Model)
[21:40:50][INFO ](AbstractHandlerMethodMapping.java:217) - Mapped "{[/doE]}" onto public java.lang.String org.zerock.web.SampleController.doE(org.springframework.web.servlet.mvc.support.RedirectAttributes)
[21:40:50][INFO ](AbstractHandlerMethodMapping.java:217) - Mapped "{[/doF]}" onto public void org.zerock.web.SampleController.doF(java.lang.String)
[21:40:50][INFO ](AbstractHandlerMethodMapping.java:217) - Mapped "{[/doJSON]}" onto public org.zerock.domain.ProductVo org.zerock.web.SampleController.doJSON()
[21:40:50][INFO ](Version.java:56) - Hibernate Validator 4.0.0.GA
[21:40:50][INFO ](DefaultTraversableResolver.java:89) - Instantiated an instance of org.hibernate.validator.engine.resolver.JPATraversableResolver.
[21:40:51][INFO ](RequestMappingHandlerAdapter.java:517) - Looking for @ControllerAdvice: WebApplicationContext for namespace 'appServlet-servlet': startup date [Mon Oct 03 21:40:50 KST 2016]; parent: Root WebApplicationContext
[21:40:51][INFO ](RequestMappingHandlerAdapter.java:517) - Looking for @ControllerAdvice: WebApplicationContext for namespace 'appServlet-servlet': startup date [Mon Oct 03 21:40:50 KST 2016]; parent: Root WebApplicationContext
[21:40:51][INFO ](AbstractUrlHandlerMapping.java:314) - Mapped URL path [/resources/**] onto handler 'org.springframework.web.servlet.resource.ResourceHttpRequestHandler#0'
[21:40:51][INFO ](FrameworkServlet.java:504) - FrameworkServlet 'appServlet': initialization completed in 1263 ms
[21:41:57][INFO ](HomeController.java:27) - Welcome home! The client locale is ko_KR.
[21:42:21][INFO ](AbstractApplicationContext.java:862) - Closing WebApplicationContext for namespace 'appServlet-servlet': startup date [Mon Oct 03 21:40:50 KST 2016]; parent: Root WebApplicationContext
[21:42:28][INFO ](FrameworkServlet.java:485) - FrameworkServlet 'appServlet': initialization started
[21:42:28][INFO ](AbstractApplicationContext.java:510) - Refreshing WebApplicationContext for namespace 'appServlet-servlet': startup date [Mon Oct 03 21:42:28 KST 2016]; parent: Root WebApplicationContext
[21:42:28][INFO ](XmlBeanDefinitionReader.java:317) - Loading XML bean definitions from ServletContext resource [/WEB-INF/spring/appServlet/servlet-context.xml]
[21:42:29][INFO ](AutowiredAnnotationBeanPostProcessor.java:153) - JSR-330 'javax.inject.Inject' annotation found and supported for autowiring
[21:42:29][INFO ](AbstractHandlerMethodMapping.java:217) - Mapped "{[/],methods=[GET]}" onto public java.lang.String org.zerock.controller.HomeController.home(java.util.Locale,org.springframework.ui.Model)
[21:42:29][INFO ](Version.java:56) - Hibernate Validator 4.0.0.GA
[21:42:29][INFO ](DefaultTraversableResolver.java:89) - Instantiated an instance of org.hibernate.validator.engine.resolver.JPATraversableResolver.
[21:42:30][INFO ](RequestMappingHandlerAdapter.java:517) - Looking for @ControllerAdvice: WebApplicationContext for namespace 'appServlet-servlet': startup date [Mon Oct 03 21:42:28 KST 2016]; parent: Root WebApplicationContext
[21:42:30][INFO ](RequestMappingHandlerAdapter.java:517) - Looking for @ControllerAdvice: WebApplicationContext for namespace 'appServlet-servlet': startup date [Mon Oct 03 21:42:28 KST 2016]; parent: Root WebApplicationContext
[21:42:30][INFO ](AbstractUrlHandlerMapping.java:314) - Mapped URL path [/resources/**] onto handler 'org.springframework.web.servlet.resource.ResourceHttpRequestHandler#0'
[21:42:30][INFO ](FrameworkServlet.java:504) - FrameworkServlet 'appServlet': initialization completed in 2233 ms
[21:42:33][INFO ](FrameworkServlet.java:485) - FrameworkServlet 'appServlet': initialization started
[21:42:33][INFO ](AbstractApplicationContext.java:510) - Refreshing WebApplicationContext for namespace 'appServlet-servlet': startup date [Mon Oct 03 21:42:33 KST 2016]; parent: Root WebApplicationContext
[21:42:33][INFO ](XmlBeanDefinitionReader.java:317) - Loading XML bean definitions from ServletContext resource [/WEB-INF/spring/appServlet/servlet-context.xml]
[21:42:33][INFO ](AutowiredAnnotationBeanPostProcessor.java:153) - JSR-330 'javax.inject.Inject' annotation found and supported for autowiring
[21:42:34][INFO ](AbstractHandlerMethodMapping.java:217) - Mapped "{[/formActionModel01]}" onto public java.lang.String com.javateam.sampleprj01.FormActionController.formActionModel01(com.javateam.model.Member)
[21:42:34][INFO ](AbstractHandlerMethodMapping.java:217) - Mapped "{[/formActionModel02]}" onto public java.lang.String com.javateam.sampleprj01.FormActionController.formActionModel02(com.javateam.model.Member,org.springframework.validation.BindingResult)
[21:42:34][INFO ](AbstractHandlerMethodMapping.java:217) - Mapped "{[/formActionModel03]}" onto public java.lang.String com.javateam.sampleprj01.FormActionController.formActionModel03(java.lang.String,org.springframework.ui.Model,javax.servlet.http.HttpServletRequest)
[21:42:34][INFO ](AbstractHandlerMethodMapping.java:217) - Mapped "{[/formActionModelAndView]}" onto public org.springframework.web.servlet.ModelAndView com.javateam.sampleprj01.FormActionController.formActionModelAndView(java.lang.String)
[21:42:34][INFO ](AbstractHandlerMethodMapping.java:217) - Mapped "{[/fromSample1]}" onto public void com.javateam.sampleprj01.FormActionController.formSample()
[21:42:34][INFO ](AbstractHandlerMethodMapping.java:217) - Mapped "{[/formAction2]}" onto public java.lang.String com.javateam.sampleprj01.FormActionController.formAction(javax.servlet.http.HttpServletRequest,javax.servlet.http.HttpServletResponse) throws java.io.IOException
[21:42:34][INFO ](AbstractHandlerMethodMapping.java:217) - Mapped "{[/formActionAnn02]}" onto public java.lang.String com.javateam.sampleprj01.FormActionController.formAction(java.util.Map<java.lang.String, java.lang.String>)
[21:42:34][INFO ](AbstractHandlerMethodMapping.java:217) - Mapped "{[/formActionAnn01]}" onto public java.lang.String com.javateam.sampleprj01.FormActionController.formAction(java.lang.String,java.lang.String,java.lang.String)
[21:42:34][INFO ](AbstractHandlerMethodMapping.java:217) - Mapped "{[/formActionBody]}" onto public void com.javateam.sampleprj01.FormActionController.formActionBody(java.lang.String)
[21:42:34][INFO ](AbstractHandlerMethodMapping.java:217) - Mapped "{[/formActionHeader]}" onto public void com.javateam.sampleprj01.FormActionController.formActionHeader(java.lang.String)
[21:42:34][INFO ](AbstractHandlerMethodMapping.java:217) - Mapped "{[/],methods=[GET]}" onto public java.lang.String com.javateam.sampleprj01.HomeController.home(java.util.Locale,org.springframework.ui.Model)
[21:42:34][INFO ](AbstractHandlerMethodMapping.java:217) - Mapped "{[/member/join]}" onto public java.lang.String com.javateam.sampleprj01.MemberController.join(com.javateam.model.Member,org.springframework.validation.BindingResult)
[21:42:34][INFO ](AbstractHandlerMethodMapping.java:217) - Mapped "{[/member/viewMember]}" onto public void com.javateam.sampleprj01.MemberController.viewMember()
[21:42:34][INFO ](AbstractHandlerMethodMapping.java:217) - Mapped "{[/member/joinMember]}" onto public void com.javateam.sampleprj01.MemberController.joinMember(com.javateam.model.Member)
[21:42:34][INFO ](AbstractHandlerMethodMapping.java:217) - Mapped "{[/member/updateMember]}" onto public void com.javateam.sampleprj01.MemberController.updateMember()
[21:42:34][INFO ](AbstractHandlerMethodMapping.java:217) - Mapped "{[/doA]}" onto public void org.zerock.web.SampleController.doA()
[21:42:34][INFO ](AbstractHandlerMethodMapping.java:217) - Mapped "{[/doC]}" onto public java.lang.String org.zerock.web.SampleController.doC(java.lang.String)
[21:42:34][INFO ](AbstractHandlerMethodMapping.java:217) - Mapped "{[/doB]}" onto public void org.zerock.web.SampleController.doB()
[21:42:34][INFO ](AbstractHandlerMethodMapping.java:217) - Mapped "{[/doD]}" onto public java.lang.String org.zerock.web.SampleController.doD(org.springframework.ui.Model)
[21:42:34][INFO ](AbstractHandlerMethodMapping.java:217) - Mapped "{[/doE]}" onto public java.lang.String org.zerock.web.SampleController.doE(org.springframework.web.servlet.mvc.support.RedirectAttributes)
[21:42:34][INFO ](AbstractHandlerMethodMapping.java:217) - Mapped "{[/doF]}" onto public void org.zerock.web.SampleController.doF(java.lang.String)
[21:42:34][INFO ](AbstractHandlerMethodMapping.java:217) - Mapped "{[/doJSON]}" onto public org.zerock.domain.ProductVo org.zerock.web.SampleController.doJSON()
[21:42:34][INFO ](Version.java:56) - Hibernate Validator 4.0.0.GA
[21:42:34][INFO ](DefaultTraversableResolver.java:89) - Instantiated an instance of org.hibernate.validator.engine.resolver.JPATraversableResolver.
[21:42:34][INFO ](RequestMappingHandlerAdapter.java:517) - Looking for @ControllerAdvice: WebApplicationContext for namespace 'appServlet-servlet': startup date [Mon Oct 03 21:42:33 KST 2016]; parent: Root WebApplicationContext
[21:42:34][INFO ](RequestMappingHandlerAdapter.java:517) - Looking for @ControllerAdvice: WebApplicationContext for namespace 'appServlet-servlet': startup date [Mon Oct 03 21:42:33 KST 2016]; parent: Root WebApplicationContext
[21:42:34][INFO ](AbstractUrlHandlerMapping.java:314) - Mapped URL path [/resources/**] onto handler 'org.springframework.web.servlet.resource.ResourceHttpRequestHandler#0'
[21:42:35][INFO ](FrameworkServlet.java:504) - FrameworkServlet 'appServlet': initialization completed in 1461 ms
[21:42:35][INFO ](HomeController.java:27) - Welcome home! The client locale is ko_KR.
[21:42:35][INFO ](HomeController.java:27) - Welcome home! The client locale is ko_KR.
